<?xml version="1.0" encoding="UTF-8"?>
<!-- Generated by org.testng.reporters.JUnitReportReporter -->
<testsuite skipped="0" hostname="Admin" name="com.selenium.project.testcases.shop.ShopTest" tests="4" failures="0" timestamp="2022-08-07T14:48:20 ICT" time="56.476" errors="0">
  <testcase name="filterByPrice" time="12.011" classname="com.selenium.project.testcases.shop.ShopTest"/>
  <system-out/>
  <testcase name="sortByHighToLow" time="13.728" classname="com.selenium.project.testcases.shop.ShopTest"/>
  <system-out/>
  <testcase name="testProductCategories" time="13.963" classname="com.selenium.project.testcases.shop.ShopTest"/>
  <system-out/>
  <testcase name="sortByLowToHigh" time="16.774" classname="com.selenium.project.testcases.shop.ShopTest"/>
  <system-out/>
</testsuite> <!-- com.selenium.project.testcases.shop.ShopTest -->
