<?xml version="1.0" encoding="UTF-8"?>
<!-- Generated by org.testng.reporters.JUnitReportReporter -->
<testsuite skipped="0" hostname="Admin" name="com.selenium.project.testcases.myaccount.LoginTest" tests="1" failures="0" timestamp="2022-09-03T15:17:40 ICT" time="20.408" errors="0">
  <testcase name="loginSuccessful" time="20.408" classname="com.selenium.project.testcases.myaccount.LoginTest"/>
  <system-out/>
</testsuite> <!-- com.selenium.project.testcases.myaccount.LoginTest -->
