<?xml version="1.0" encoding="UTF-8"?>
<!-- Generated by org.testng.reporters.JUnitReportReporter -->
<testsuite skipped="0" hostname="Admin" name="com.selenium.project.testcases.myaccount.LoginTest" tests="5" failures="0" timestamp="2022-08-07T14:48:20 ICT" time="69.157" errors="0">
  <testcase name="loginSuccessful" time="13.790" classname="com.selenium.project.testcases.myaccount.LoginTest"/>
  <system-out/>
  <testcase name="loginWithIncorrectUsernameAndPassword" time="15.464" classname="com.selenium.project.testcases.myaccount.LoginTest"/>
  <system-out/>
  <testcase name="loginWithEmptyPassword" time="15.001" classname="com.selenium.project.testcases.myaccount.LoginTest"/>
  <system-out/>
  <testcase name="loginWithEmptyUsername" time="13.343" classname="com.selenium.project.testcases.myaccount.LoginTest"/>
  <system-out/>
  <testcase name="loginWithEmptyUsernameAndPassword" time="11.559" classname="com.selenium.project.testcases.myaccount.LoginTest"/>
  <system-out/>
</testsuite> <!-- com.selenium.project.testcases.myaccount.LoginTest -->
